0:0:0:0:0:0:0:1 - - [03/Jun/2022:16:41:52 +0900] "POST /kiosk/category/get/categorySq?categorySq=0 HTTP/1.1" 200 7007
0:0:0:0:0:0:0:1 - - [03/Jun/2022:16:41:52 +0900] "POST /kiosk/category/get/categorySq?categorySq=0 HTTP/1.1" 200 7007
0:0:0:0:0:0:0:1 - - [03/Jun/2022:16:41:53 +0900] "POST /kiosk/CategoryList HTTP/1.1" 200 138
0:0:0:0:0:0:0:1 - - [03/Jun/2022:16:41:53 +0900] "POST /kiosk/CategoryList HTTP/1.1" 200 138
0:0:0:0:0:0:0:1 - - [03/Jun/2022:16:41:56 +0900] "POST /kiosk/category/get/categorySq?categorySq=0 HTTP/1.1" 200 7007
0:0:0:0:0:0:0:1 - - [03/Jun/2022:16:41:56 +0900] "POST /kiosk/category/get/categorySq?categorySq=0 HTTP/1.1" 200 7007
0:0:0:0:0:0:0:1 - - [03/Jun/2022:16:41:58 +0900] "POST /kiosk/CategoryList HTTP/1.1" 200 138
0:0:0:0:0:0:0:1 - - [03/Jun/2022:16:41:58 +0900] "POST /kiosk/CategoryList HTTP/1.1" 200 138
0:0:0:0:0:0:0:1 - - [03/Jun/2022:16:41:58 +0900] "GET /kiosk/img/menu/20220602181922.png HTTP/1.1" 404 133
0:0:0:0:0:0:0:1 - - [03/Jun/2022:16:41:58 +0900] "GET /kiosk/img/menu/20220602181847.png HTTP/1.1" 404 133
0:0:0:0:0:0:0:1 - - [03/Jun/2022:16:41:58 +0900] "GET /kiosk/img/menu/20220602181842.png HTTP/1.1" 404 133
0:0:0:0:0:0:0:1 - - [03/Jun/2022:16:41:58 +0900] "GET /kiosk/img/menu/20220602181851.ico HTTP/1.1" 404 133
0:0:0:0:0:0:0:1 - - [03/Jun/2022:16:41:58 +0900] "GET /kiosk/img/menu/20220602181909.ico HTTP/1.1" 404 133
0:0:0:0:0:0:0:1 - - [03/Jun/2022:16:42:07 +0900] "POST /admin/get/all/menu/list HTTP/1.1" 200 7007
0:0:0:0:0:0:0:1 - - [03/Jun/2022:16:42:07 +0900] "POST /admin/get/all/menu/list HTTP/1.1" 200 7007
0:0:0:0:0:0:0:1 - - [03/Jun/2022:16:42:18 +0900] "GET /admin/menu/get/list?status=category HTTP/1.1" 200 2005
0:0:0:0:0:0:0:1 - - [03/Jun/2022:16:42:18 +0900] "POST /admin/get/all/menu/list HTTP/1.1" 200 7007
0:0:0:0:0:0:0:1 - - [03/Jun/2022:16:42:18 +0900] "POST /admin/get/all/menu/list HTTP/1.1" 200 7007
0:0:0:0:0:0:0:1 - - [03/Jun/2022:16:42:19 +0900] "GET /admin/menu/get/list?status=category HTTP/1.1" 200 2005
0:0:0:0:0:0:0:1 - - [03/Jun/2022:16:42:19 +0900] "GET /admin/menu/get/list?status=side HTTP/1.1" 200 138
0:0:0:0:0:0:0:1 - - [03/Jun/2022:16:42:21 +0900] "GET /admin/menu/get/list?status=side HTTP/1.1" 200 138
0:0:0:0:0:0:0:1 - - [03/Jun/2022:16:42:23 +0900] "GET /admin/order?status=AllOrder HTTP/1.1" 200 25747
0:0:0:0:0:0:0:1 - - [03/Jun/2022:16:42:29 +0900] "GET /admin/order?status=AllOrder HTTP/1.1" 200 25747
0:0:0:0:0:0:0:1 - - [03/Jun/2022:16:43:17 +0900] "GET /admin/order?status=AllOrder HTTP/1.1" 200 25747
0:0:0:0:0:0:0:1 - - [03/Jun/2022:16:43:22 +0900] "POST /kiosk/category/get/categorySq?categorySq=0 HTTP/1.1" 200 7007
0:0:0:0:0:0:0:1 - - [03/Jun/2022:16:43:22 +0900] "POST /kiosk/category/get/categorySq?categorySq=0 HTTP/1.1" 200 7007
0:0:0:0:0:0:0:1 - - [03/Jun/2022:16:43:23 +0900] "POST /kiosk/CategoryList HTTP/1.1" 200 138
0:0:0:0:0:0:0:1 - - [03/Jun/2022:16:43:24 +0900] "POST /kiosk/CategoryList HTTP/1.1" 200 138
0:0:0:0:0:0:0:1 - - [03/Jun/2022:16:43:26 +0900] "GET /admin/order?status=AllOrder HTTP/1.1" 200 25747
0:0:0:0:0:0:0:1 - - [03/Jun/2022:16:43:32 +0900] "GET /admin/order?status=AllOrder HTTP/1.1" 200 25747
0:0:0:0:0:0:0:1 - - [03/Jun/2022:16:43:45 +0900] "POST /kiosk/category/get/categorySq?categorySq=0 HTTP/1.1" 200 7007
0:0:0:0:0:0:0:1 - - [03/Jun/2022:16:43:45 +0900] "POST /kiosk/category/get/categorySq?categorySq=0 HTTP/1.1" 200 7007
0:0:0:0:0:0:0:1 - - [03/Jun/2022:16:43:46 +0900] "POST /kiosk/CategoryList HTTP/1.1" 200 138
0:0:0:0:0:0:0:1 - - [03/Jun/2022:16:43:46 +0900] "POST /kiosk/CategoryList HTTP/1.1" 200 138
0:0:0:0:0:0:0:1 - - [03/Jun/2022:16:43:48 +0900] "GET /admin/order?status=AllOrder HTTP/1.1" 200 8206
0:0:0:0:0:0:0:1 - - [03/Jun/2022:16:43:49 +0900] "GET /admin/order?status=AllOrder HTTP/1.1" 200 25747
0:0:0:0:0:0:0:1 - - [03/Jun/2022:16:43:55 +0900] "GET /admin/order?status=AllOrder HTTP/1.1" 200 25747
0:0:0:0:0:0:0:1 - - [03/Jun/2022:16:45:05 +0900] "POST /kiosk/category/get/categorySq?categorySq=0 HTTP/1.1" 200 7007
0:0:0:0:0:0:0:1 - - [03/Jun/2022:16:45:05 +0900] "POST /kiosk/category/get/categorySq?categorySq=0 HTTP/1.1" 200 7007
0:0:0:0:0:0:0:1 - - [03/Jun/2022:16:45:06 +0900] "POST /kiosk/CategoryList HTTP/1.1" 200 138
0:0:0:0:0:0:0:1 - - [03/Jun/2022:16:45:07 +0900] "POST /kiosk/CategoryList HTTP/1.1" 200 138
0:0:0:0:0:0:0:1 - - [03/Jun/2022:16:45:10 +0900] "POST /admin/get/all/menu/list HTTP/1.1" 200 7007
0:0:0:0:0:0:0:1 - - [03/Jun/2022:16:45:10 +0900] "POST /admin/get/all/menu/list HTTP/1.1" 200 7007
0:0:0:0:0:0:0:1 - - [03/Jun/2022:16:45:15 +0900] "GET /admin/order?status=AllOrder HTTP/1.1" 200 25747
0:0:0:0:0:0:0:1 - - [03/Jun/2022:16:45:21 +0900] "GET /admin/order?status=AllOrder HTTP/1.1" 200 25747
0:0:0:0:0:0:0:1 - - [03/Jun/2022:16:45:56 +0900] "GET /admin/order?status=AllOrder HTTP/1.1" 200 25747
0:0:0:0:0:0:0:1 - - [03/Jun/2022:16:46:15 +0900] "GET /admin/order?status=AllOrder HTTP/1.1" 200 25747
0:0:0:0:0:0:0:1 - - [03/Jun/2022:16:46:35 +0900] "GET /admin/order?status=AllOrder HTTP/1.1" 200 25747
0:0:0:0:0:0:0:1 - - [03/Jun/2022:16:48:26 +0900] "GET /admin/order?status=AllOrder HTTP/1.1" 200 25747
0:0:0:0:0:0:0:1 - - [03/Jun/2022:16:48:32 +0900] "GET /admin/order?status=AllOrder HTTP/1.1" 200 25747
0:0:0:0:0:0:0:1 - - [03/Jun/2022:16:51:50 +0900] "GET /admin/order?status=AllOrder HTTP/1.1" 200 25747
0:0:0:0:0:0:0:1 - - [03/Jun/2022:16:52:06 +0900] "GET /admin/order?status=AllOrder HTTP/1.1" 200 25747
0:0:0:0:0:0:0:1 - - [03/Jun/2022:16:52:31 +0900] "GET /admin/order?status=AllOrder HTTP/1.1" 200 25747
0:0:0:0:0:0:0:1 - - [03/Jun/2022:16:56:42 +0900] "GET /admin/order?status=AllOrder HTTP/1.1" 200 25747
0:0:0:0:0:0:0:1 - - [03/Jun/2022:16:57:35 +0900] "GET /admin/order?status=AllOrder HTTP/1.1" 200 25747
0:0:0:0:0:0:0:1 - - [03/Jun/2022:16:57:40 +0900] "GET /admin/order?status=AllOrder HTTP/1.1" 200 25747
0:0:0:0:0:0:0:1 - - [03/Jun/2022:16:58:08 +0900] "GET /admin/order?status=AllOrder HTTP/1.1" 200 25747
0:0:0:0:0:0:0:1 - - [03/Jun/2022:16:58:14 +0900] "GET /admin/order?status=AllOrder HTTP/1.1" 200 25747
0:0:0:0:0:0:0:1 - - [03/Jun/2022:16:58:47 +0900] "GET /admin/order?status=AllOrder HTTP/1.1" 200 25747
0:0:0:0:0:0:0:1 - - [03/Jun/2022:16:59:11 +0900] "GET /admin/order?status=AllOrder HTTP/1.1" 200 25747
0:0:0:0:0:0:0:1 - - [03/Jun/2022:16:59:19 +0900] "GET /admin/order?status=AllOrder HTTP/1.1" 200 25747
0:0:0:0:0:0:0:1 - - [03/Jun/2022:16:59:39 +0900] "GET /admin/order?status=AllOrder HTTP/1.1" 200 25747
0:0:0:0:0:0:0:1 - - [03/Jun/2022:16:59:44 +0900] "GET /admin/order?status=AllOrder HTTP/1.1" 200 25747
0:0:0:0:0:0:0:1 - - [03/Jun/2022:17:00:14 +0900] "GET /admin/order?status=AllOrder HTTP/1.1" 200 25747
0:0:0:0:0:0:0:1 - - [03/Jun/2022:17:00:43 +0900] "GET /admin/order?status=AllOrder HTTP/1.1" 200 25747
0:0:0:0:0:0:0:1 - - [03/Jun/2022:17:01:14 +0900] "GET /admin/order?status=AllOrder HTTP/1.1" 200 25747
0:0:0:0:0:0:0:1 - - [03/Jun/2022:17:01:20 +0900] "GET /admin/order?status=AllOrder HTTP/1.1" 200 25747
0:0:0:0:0:0:0:1 - - [03/Jun/2022:17:01:25 +0900] "GET /admin/order?status=AllOrder HTTP/1.1" 200 25747
0:0:0:0:0:0:0:1 - - [03/Jun/2022:17:10:18 +0900] "POST /kiosk/category/get/categorySq?categorySq=0 HTTP/1.1" 200 7007
0:0:0:0:0:0:0:1 - - [03/Jun/2022:17:10:18 +0900] "POST /kiosk/category/get/categorySq?categorySq=0 HTTP/1.1" 200 7007
0:0:0:0:0:0:0:1 - - [03/Jun/2022:17:10:20 +0900] "POST /kiosk/CategoryList HTTP/1.1" 200 138
0:0:0:0:0:0:0:1 - - [03/Jun/2022:17:10:20 +0900] "POST /kiosk/CategoryList HTTP/1.1" 200 138
0:0:0:0:0:0:0:1 - - [03/Jun/2022:17:10:23 +0900] "GET /admin/order?status=AllOrder HTTP/1.1" 200 25747
0:0:0:0:0:0:0:1 - - [03/Jun/2022:17:10:29 +0900] "GET /admin/order?status=AllOrder HTTP/1.1" 200 25747
0:0:0:0:0:0:0:1 - - [03/Jun/2022:17:11:08 +0900] "POST /kiosk/category/get/categorySq?categorySq=0 HTTP/1.1" 200 7007
0:0:0:0:0:0:0:1 - - [03/Jun/2022:17:11:08 +0900] "POST /kiosk/category/get/categorySq?categorySq=0 HTTP/1.1" 200 7007
0:0:0:0:0:0:0:1 - - [03/Jun/2022:17:11:09 +0900] "POST /kiosk/CategoryList HTTP/1.1" 200 138
0:0:0:0:0:0:0:1 - - [03/Jun/2022:17:11:09 +0900] "POST /kiosk/CategoryList HTTP/1.1" 200 138
0:0:0:0:0:0:0:1 - - [03/Jun/2022:17:11:15 +0900] "GET /admin/order?status=AllOrder HTTP/1.1" 200 26382
0:0:0:0:0:0:0:1 - - [03/Jun/2022:17:11:25 +0900] "GET /admin/order?status=AllOrder HTTP/1.1" 200 26382
0:0:0:0:0:0:0:1 - - [03/Jun/2022:17:11:52 +0900] "GET /admin/order?status=AllOrder HTTP/1.1" 200 26382
0:0:0:0:0:0:0:1 - - [03/Jun/2022:17:12:02 +0900] "GET /admin/order?status=AllOrder HTTP/1.1" 200 26382
0:0:0:0:0:0:0:1 - - [03/Jun/2022:17:12:26 +0900] "POST /kiosk/category/get/categorySq?categorySq=0 HTTP/1.1" 200 7007
0:0:0:0:0:0:0:1 - - [03/Jun/2022:17:12:26 +0900] "POST /kiosk/category/get/categorySq?categorySq=0 HTTP/1.1" 200 7007
0:0:0:0:0:0:0:1 - - [03/Jun/2022:17:12:27 +0900] "POST /kiosk/CategoryList HTTP/1.1" 200 138
0:0:0:0:0:0:0:1 - - [03/Jun/2022:17:12:27 +0900] "POST /kiosk/CategoryList HTTP/1.1" 200 138
0:0:0:0:0:0:0:1 - - [03/Jun/2022:17:12:30 +0900] "GET /admin/order?status=AllOrder HTTP/1.1" 200 26382
0:0:0:0:0:0:0:1 - - [03/Jun/2022:17:12:35 +0900] "GET /admin/order?status=AllOrder HTTP/1.1" 200 26382
0:0:0:0:0:0:0:1 - - [03/Jun/2022:17:13:35 +0900] "GET /admin/order?status=AllOrder HTTP/1.1" 200 26382
0:0:0:0:0:0:0:1 - - [03/Jun/2022:17:14:41 +0900] "GET /admin/order?status=AllOrder HTTP/1.1" 200 26382
0:0:0:0:0:0:0:1 - - [03/Jun/2022:17:15:27 +0900] "GET /admin/order?status=AllOrder HTTP/1.1" 200 26382
0:0:0:0:0:0:0:1 - - [03/Jun/2022:17:15:32 +0900] "GET /admin/order?status=AllOrder HTTP/1.1" 200 26382
0:0:0:0:0:0:0:1 - - [03/Jun/2022:17:15:51 +0900] "GET /admin/order?status=AllOrder HTTP/1.1" 200 26382
0:0:0:0:0:0:0:1 - - [03/Jun/2022:17:15:56 +0900] "GET /admin/order?status=AllOrder HTTP/1.1" 200 26382
0:0:0:0:0:0:0:1 - - [03/Jun/2022:17:20:49 +0900] "GET /admin/order?status=AllOrder HTTP/1.1" 200 26382
0:0:0:0:0:0:0:1 - - [03/Jun/2022:17:21:23 +0900] "GET /admin/order?status=AllOrder HTTP/1.1" 200 26382
0:0:0:0:0:0:0:1 - - [03/Jun/2022:17:24:45 +0900] "GET /admin/order?status=AllOrder HTTP/1.1" 200 26382
0:0:0:0:0:0:0:1 - - [03/Jun/2022:17:25:22 +0900] "GET /admin/order?status=AllOrder HTTP/1.1" 200 26382
0:0:0:0:0:0:0:1 - - [03/Jun/2022:17:25:29 +0900] "GET /admin/order?status=AllOrder HTTP/1.1" 200 26382
0:0:0:0:0:0:0:1 - - [03/Jun/2022:17:25:37 +0900] "POST /kiosk/category/get/categorySq?categorySq=0 HTTP/1.1" 200 7007
0:0:0:0:0:0:0:1 - - [03/Jun/2022:17:25:37 +0900] "POST /kiosk/category/get/categorySq?categorySq=0 HTTP/1.1" 200 7007
0:0:0:0:0:0:0:1 - - [03/Jun/2022:17:25:38 +0900] "GET /admin/order?status=AllOrder HTTP/1.1" 200 8206
0:0:0:0:0:0:0:1 - - [03/Jun/2022:17:25:39 +0900] "POST /kiosk/CategoryList HTTP/1.1" 200 138
0:0:0:0:0:0:0:1 - - [03/Jun/2022:17:25:39 +0900] "POST /kiosk/CategoryList HTTP/1.1" 200 138
0:0:0:0:0:0:0:1 - - [03/Jun/2022:17:25:41 +0900] "GET /admin/order?status=AllOrder HTTP/1.1" 200 26382
0:0:0:0:0:0:0:1 - - [03/Jun/2022:17:25:47 +0900] "GET /admin/order?status=AllOrder HTTP/1.1" 200 26382
0:0:0:0:0:0:0:1 - - [03/Jun/2022:17:25:59 +0900] "GET /kiosk/get/setting?setting=all HTTP/1.1" 200 339
0:0:0:0:0:0:0:1 - - [03/Jun/2022:17:50:46 +0900] "POST /kiosk/category/get/categorySq?categorySq=0 HTTP/1.1" 200 7007
0:0:0:0:0:0:0:1 - - [03/Jun/2022:17:50:46 +0900] "POST /kiosk/category/get/categorySq?categorySq=0 HTTP/1.1" 200 7007
0:0:0:0:0:0:0:1 - - [03/Jun/2022:17:50:48 +0900] "POST /kiosk/CategoryList HTTP/1.1" 200 138
0:0:0:0:0:0:0:1 - - [03/Jun/2022:17:50:48 +0900] "POST /kiosk/CategoryList HTTP/1.1" 200 138
0:0:0:0:0:0:0:1 - - [03/Jun/2022:17:50:50 +0900] "GET /kiosk/img/menu/20220602181847.png HTTP/1.1" 404 133
0:0:0:0:0:0:0:1 - - [03/Jun/2022:17:50:50 +0900] "GET /kiosk/img/menu/20220602181842.png HTTP/1.1" 404 133
0:0:0:0:0:0:0:1 - - [03/Jun/2022:17:50:50 +0900] "GET /kiosk/img/menu/20220602181922.png HTTP/1.1" 404 133
0:0:0:0:0:0:0:1 - - [03/Jun/2022:17:50:50 +0900] "GET /kiosk/img/menu/20220602181909.ico HTTP/1.1" 404 133
0:0:0:0:0:0:0:1 - - [03/Jun/2022:17:50:50 +0900] "GET /kiosk/img/menu/20220602181851.ico HTTP/1.1" 404 133
0:0:0:0:0:0:0:1 - - [03/Jun/2022:17:50:57 +0900] "POST /admin/get/all/menu/list HTTP/1.1" 200 7007
0:0:0:0:0:0:0:1 - - [03/Jun/2022:17:50:57 +0900] "POST /admin/get/all/menu/list HTTP/1.1" 200 7007
0:0:0:0:0:0:0:1 - - [03/Jun/2022:17:51:03 +0900] "GET /kiosk/img/menu/20220602181851.ico HTTP/1.1" 404 133
0:0:0:0:0:0:0:1 - - [03/Jun/2022:17:51:03 +0900] "GET /kiosk/img/menu/20220602181847.png HTTP/1.1" 404 133
0:0:0:0:0:0:0:1 - - [03/Jun/2022:17:51:03 +0900] "GET /kiosk/img/menu/20220602181842.png HTTP/1.1" 404 133
0:0:0:0:0:0:0:1 - - [03/Jun/2022:17:51:03 +0900] "GET /kiosk/img/menu/20220602181922.png HTTP/1.1" 404 133
0:0:0:0:0:0:0:1 - - [03/Jun/2022:17:51:03 +0900] "GET /kiosk/img/menu/20220602181909.ico HTTP/1.1" 404 133
0:0:0:0:0:0:0:1 - - [03/Jun/2022:17:51:04 +0900] "GET /kiosk/img/menu/20220602181922.png HTTP/1.1" 404 133
0:0:0:0:0:0:0:1 - - [03/Jun/2022:17:51:04 +0900] "GET / HTTP/1.1" 404 100
0:0:0:0:0:0:0:1 - - [03/Jun/2022:17:51:04 +0900] "POST /kiosk/category/get/categorySq?categorySq=0 HTTP/1.1" 200 7007
0:0:0:0:0:0:0:1 - - [03/Jun/2022:17:51:04 +0900] "POST /kiosk/category/get/categorySq?categorySq=0 HTTP/1.1" 200 7007
0:0:0:0:0:0:0:1 - - [03/Jun/2022:17:51:04 +0900] "GET /kiosk/img/menu/20220602181922.png HTTP/1.1" 404 133
0:0:0:0:0:0:0:1 - - [03/Jun/2022:17:51:04 +0900] "GET / HTTP/1.1" 404 100
0:0:0:0:0:0:0:1 - - [03/Jun/2022:17:51:04 +0900] "GET /kiosk/img/menu/20220602181922.png HTTP/1.1" 404 133
0:0:0:0:0:0:0:1 - - [03/Jun/2022:17:51:04 +0900] "POST /kiosk/category/get/categorySq?categorySq=0 HTTP/1.1" 200 7007
0:0:0:0:0:0:0:1 - - [03/Jun/2022:17:51:04 +0900] "GET /kiosk/img/menu/20220602181922.png HTTP/1.1" 404 133
0:0:0:0:0:0:0:1 - - [03/Jun/2022:17:51:06 +0900] "POST /kiosk/CategoryList HTTP/1.1" 200 138
0:0:0:0:0:0:0:1 - - [03/Jun/2022:17:51:06 +0900] "POST /kiosk/CategoryList HTTP/1.1" 200 138
0:0:0:0:0:0:0:1 - - [03/Jun/2022:17:51:06 +0900] "POST /kiosk/CategoryList HTTP/1.1" 200 138
0:0:0:0:0:0:0:1 - - [03/Jun/2022:17:51:08 +0900] "GET / HTTP/1.1" 404 100
0:0:0:0:0:0:0:1 - - [03/Jun/2022:17:51:08 +0900] "GET /kiosk/img/menu/20220602181851.ico HTTP/1.1" 404 133
0:0:0:0:0:0:0:1 - - [03/Jun/2022:17:51:11 +0900] "GET /kiosk/img/menu/20220602181851.ico HTTP/1.1" 404 133
0:0:0:0:0:0:0:1 - - [03/Jun/2022:17:51:12 +0900] "GET /kiosk/img/menu/20220602181851.ico HTTP/1.1" 404 133
0:0:0:0:0:0:0:1 - - [03/Jun/2022:17:51:27 +0900] "POST /kiosk/menu/order/menu HTTP/1.1" 200 480
0:0:0:0:0:0:0:1 - - [03/Jun/2022:17:51:27 +0900] "GET /kiosk/get/setting?setting=all HTTP/1.1" 200 339
0:0:0:0:0:0:0:1 - - [03/Jun/2022:17:51:49 +0900] "POST /kiosk/category/get/categorySq?categorySq=0 HTTP/1.1" 200 7007
0:0:0:0:0:0:0:1 - - [03/Jun/2022:17:51:49 +0900] "POST /kiosk/category/get/categorySq?categorySq=0 HTTP/1.1" 200 7007
0:0:0:0:0:0:0:1 - - [03/Jun/2022:17:51:50 +0900] "GET /kiosk/img/menu/20220602181847.png HTTP/1.1" 404 133
0:0:0:0:0:0:0:1 - - [03/Jun/2022:17:51:50 +0900] "GET /kiosk/img/menu/20220602181909.ico HTTP/1.1" 404 133
0:0:0:0:0:0:0:1 - - [03/Jun/2022:17:51:50 +0900] "GET /kiosk/img/menu/20220602181851.ico HTTP/1.1" 404 133
0:0:0:0:0:0:0:1 - - [03/Jun/2022:17:51:50 +0900] "GET /kiosk/img/menu/20220602181842.png HTTP/1.1" 404 133
0:0:0:0:0:0:0:1 - - [03/Jun/2022:17:51:50 +0900] "GET /kiosk/img/menu/20220602181922.png HTTP/1.1" 404 133
0:0:0:0:0:0:0:1 - - [03/Jun/2022:17:51:51 +0900] "POST /kiosk/CategoryList HTTP/1.1" 200 138
0:0:0:0:0:0:0:1 - - [03/Jun/2022:17:51:51 +0900] "POST /kiosk/CategoryList HTTP/1.1" 200 138
0:0:0:0:0:0:0:1 - - [03/Jun/2022:17:51:51 +0900] "GET / HTTP/1.1" 404 100
0:0:0:0:0:0:0:1 - - [03/Jun/2022:17:51:51 +0900] "GET /kiosk/img/menu/20220602181851.ico HTTP/1.1" 404 133
0:0:0:0:0:0:0:1 - - [03/Jun/2022:17:51:52 +0900] "GET /kiosk/img/menu/20220602181851.ico HTTP/1.1" 404 133
0:0:0:0:0:0:0:1 - - [03/Jun/2022:17:51:53 +0900] "GET /kiosk/img/menu/20220602181851.ico HTTP/1.1" 404 133
0:0:0:0:0:0:0:1 - - [03/Jun/2022:17:51:54 +0900] "POST /kiosk/menu/order/menu HTTP/1.1" 200 480
0:0:0:0:0:0:0:1 - - [03/Jun/2022:17:51:54 +0900] "GET /kiosk/get/setting?setting=all HTTP/1.1" 200 339
0:0:0:0:0:0:0:1 - - [03/Jun/2022:17:52:01 +0900] "POST /kiosk/menu/order/saveMenu HTTP/1.1" 200 502
0:0:0:0:0:0:0:1 - - [03/Jun/2022:17:52:05 +0900] "GET /kiosk/get/setting?setting=all HTTP/1.1" 200 339
0:0:0:0:0:0:0:1 - - [03/Jun/2022:17:52:10 +0900] "GET /kiosk/get/setting?setting=all HTTP/1.1" 200 339
0:0:0:0:0:0:0:1 - - [03/Jun/2022:17:52:41 +0900] "POST /admin/get/all/menu/list HTTP/1.1" 200 7007
0:0:0:0:0:0:0:1 - - [03/Jun/2022:17:52:41 +0900] "POST /admin/get/all/menu/list HTTP/1.1" 200 7007
0:0:0:0:0:0:0:1 - - [03/Jun/2022:17:52:52 +0900] "GET /admin/order?status=AllOrder HTTP/1.1" 200 27333
0:0:0:0:0:0:0:1 - - [03/Jun/2022:17:53:02 +0900] "GET /admin/order?status=AllOrder HTTP/1.1" 200 27333
0:0:0:0:0:0:0:1 - - [03/Jun/2022:17:53:43 +0900] "GET /kiosk/img/menu/20220602181851.ico HTTP/1.1" 404 133
0:0:0:0:0:0:0:1 - - [03/Jun/2022:17:53:43 +0900] "GET /kiosk/img/menu/20220602181842.png HTTP/1.1" 404 133
0:0:0:0:0:0:0:1 - - [03/Jun/2022:17:53:43 +0900] "GET /kiosk/img/menu/20220602181847.png HTTP/1.1" 404 133
0:0:0:0:0:0:0:1 - - [03/Jun/2022:17:53:43 +0900] "GET /kiosk/img/menu/20220602181909.ico HTTP/1.1" 404 133
0:0:0:0:0:0:0:1 - - [03/Jun/2022:17:53:43 +0900] "GET /kiosk/img/menu/20220602181922.png HTTP/1.1" 404 133
0:0:0:0:0:0:0:1 - - [03/Jun/2022:17:53:45 +0900] "POST /kiosk/category/get/categorySq?categorySq=0 HTTP/1.1" 200 7007
0:0:0:0:0:0:0:1 - - [03/Jun/2022:17:53:45 +0900] "POST /kiosk/category/get/categorySq?categorySq=0 HTTP/1.1" 200 7007
0:0:0:0:0:0:0:1 - - [03/Jun/2022:17:53:45 +0900] "POST /kiosk/category/get/categorySq?categorySq=0 HTTP/1.1" 200 7007
0:0:0:0:0:0:0:1 - - [03/Jun/2022:17:53:46 +0900] "POST /kiosk/category/get/categorySq?categorySq=0 HTTP/1.1" 200 7007
0:0:0:0:0:0:0:1 - - [03/Jun/2022:17:53:46 +0900] "POST /kiosk/category/get/categorySq?categorySq=0 HTTP/1.1" 200 7007
0:0:0:0:0:0:0:1 - - [03/Jun/2022:17:53:48 +0900] "POST /kiosk/CategoryList HTTP/1.1" 200 138
0:0:0:0:0:0:0:1 - - [03/Jun/2022:17:53:49 +0900] "POST /kiosk/CategoryList HTTP/1.1" 200 138
0:0:0:0:0:0:0:1 - - [03/Jun/2022:17:53:49 +0900] "GET /kiosk/img/menu/20220602181842.png HTTP/1.1" 404 133
0:0:0:0:0:0:0:1 - - [03/Jun/2022:17:53:49 +0900] "GET /kiosk/img/menu/20220602181851.ico HTTP/1.1" 404 133
0:0:0:0:0:0:0:1 - - [03/Jun/2022:17:53:49 +0900] "GET /kiosk/img/menu/20220602181847.png HTTP/1.1" 404 133
0:0:0:0:0:0:0:1 - - [03/Jun/2022:17:53:49 +0900] "GET /kiosk/img/menu/20220602181909.ico HTTP/1.1" 404 133
0:0:0:0:0:0:0:1 - - [03/Jun/2022:17:53:49 +0900] "GET /kiosk/img/menu/20220602181922.png HTTP/1.1" 404 133
0:0:0:0:0:0:0:1 - - [03/Jun/2022:17:53:53 +0900] "GET / HTTP/1.1" 404 100
0:0:0:0:0:0:0:1 - - [03/Jun/2022:17:53:53 +0900] "GET /kiosk/img/menu/20220602181851.ico HTTP/1.1" 404 133
0:0:0:0:0:0:0:1 - - [03/Jun/2022:17:53:53 +0900] "GET /kiosk/img/menu/20220602181851.ico HTTP/1.1" 404 133
0:0:0:0:0:0:0:1 - - [03/Jun/2022:17:53:54 +0900] "GET /kiosk/img/menu/20220602181851.ico HTTP/1.1" 404 133
0:0:0:0:0:0:0:1 - - [03/Jun/2022:17:53:55 +0900] "POST /kiosk/menu/order/menu HTTP/1.1" 200 480
0:0:0:0:0:0:0:1 - - [03/Jun/2022:17:53:55 +0900] "GET /kiosk/get/setting?setting=all HTTP/1.1" 200 339
0:0:0:0:0:0:0:1 - - [03/Jun/2022:17:54:03 +0900] "POST /kiosk/menu/order/saveMenu HTTP/1.1" 200 502
0:0:0:0:0:0:0:1 - - [03/Jun/2022:17:54:13 +0900] "GET /kiosk/get/setting?setting=all HTTP/1.1" 200 339
0:0:0:0:0:0:0:1 - - [03/Jun/2022:17:54:34 +0900] "POST /admin/get/all/menu/list HTTP/1.1" 200 7007
0:0:0:0:0:0:0:1 - - [03/Jun/2022:17:54:34 +0900] "POST /admin/get/all/menu/list HTTP/1.1" 200 7007
0:0:0:0:0:0:0:1 - - [03/Jun/2022:17:54:43 +0900] "GET /admin/order?status=AllOrder HTTP/1.1" 200 27824
0:0:0:0:0:0:0:1 - - [03/Jun/2022:17:54:52 +0900] "GET /admin/order?status=AllOrder HTTP/1.1" 200 27824
0:0:0:0:0:0:0:1 - - [03/Jun/2022:17:54:57 +0900] "GET /kiosk/get/setting?setting=all HTTP/1.1" 200 339
0:0:0:0:0:0:0:1 - - [03/Jun/2022:17:55:23 +0900] "POST /kiosk/category/get/categorySq?categorySq=0 HTTP/1.1" 200 7007
0:0:0:0:0:0:0:1 - - [03/Jun/2022:17:55:23 +0900] "POST /kiosk/category/get/categorySq?categorySq=0 HTTP/1.1" 200 7007
0:0:0:0:0:0:0:1 - - [03/Jun/2022:17:55:27 +0900] "POST /kiosk/CategoryList HTTP/1.1" 200 138
0:0:0:0:0:0:0:1 - - [03/Jun/2022:17:55:27 +0900] "POST /kiosk/CategoryList HTTP/1.1" 200 138
0:0:0:0:0:0:0:1 - - [03/Jun/2022:17:55:30 +0900] "GET /admin/order?status=AllOrder HTTP/1.1" 200 27824
0:0:0:0:0:0:0:1 - - [03/Jun/2022:17:55:35 +0900] "GET /admin/order?status=AllOrder HTTP/1.1" 200 27824
0:0:0:0:0:0:0:1 - - [03/Jun/2022:17:56:01 +0900] "POST /kiosk/category/get/categorySq?categorySq=0 HTTP/1.1" 200 7007
0:0:0:0:0:0:0:1 - - [03/Jun/2022:17:56:01 +0900] "POST /kiosk/category/get/categorySq?categorySq=0 HTTP/1.1" 200 7007
0:0:0:0:0:0:0:1 - - [03/Jun/2022:17:56:03 +0900] "POST /kiosk/CategoryList HTTP/1.1" 200 138
0:0:0:0:0:0:0:1 - - [03/Jun/2022:17:56:03 +0900] "POST /kiosk/CategoryList HTTP/1.1" 200 138
0:0:0:0:0:0:0:1 - - [03/Jun/2022:17:56:06 +0900] "GET /admin/order?status=AllOrder HTTP/1.1" 200 27824
0:0:0:0:0:0:0:1 - - [03/Jun/2022:17:56:09 +0900] "GET /kiosk/get/setting?setting=all HTTP/1.1" 200 339
0:0:0:0:0:0:0:1 - - [03/Jun/2022:17:56:12 +0900] "GET /admin/order?status=AllOrder HTTP/1.1" 200 27824
