0:0:0:0:0:0:0:1 - - [02/Jun/2022:19:28:40 +0900] "GET /admin/menu/get/all/side HTTP/1.1" 405 132
0:0:0:0:0:0:0:1 - - [02/Jun/2022:19:28:51 +0900] "POST /admin/menu/get/all/side HTTP/1.1" 200 3098
0:0:0:0:0:0:0:1 - - [02/Jun/2022:19:31:30 +0900] "GET /admin/menu/get/all/side HTTP/1.1" 500 135
0:0:0:0:0:0:0:1 - - [02/Jun/2022:19:31:36 +0900] "POST /admin/menu/get/all/side HTTP/1.1" 500 135
0:0:0:0:0:0:0:1 - - [02/Jun/2022:19:32:02 +0900] "POST /admin/menu/get/all/side HTTP/1.1" 500 135
0:0:0:0:0:0:0:1 - - [02/Jun/2022:19:32:05 +0900] "GET /admin/menu/get/all/side HTTP/1.1" 500 135
0:0:0:0:0:0:0:1 - - [02/Jun/2022:19:32:45 +0900] "POST /admin/menu/get/all/side HTTP/1.1" 500 135
0:0:0:0:0:0:0:1 - - [02/Jun/2022:19:33:01 +0900] "POST /admin/menu/get/all/side HTTP/1.1" 500 135
0:0:0:0:0:0:0:1 - - [02/Jun/2022:19:34:51 +0900] "POST /admin/menu/get/all/side HTTP/1.1" 500 135
0:0:0:0:0:0:0:1 - - [02/Jun/2022:19:35:26 +0900] "POST /admin/menu/get/all/side HTTP/1.1" 500 135
0:0:0:0:0:0:0:1 - - [02/Jun/2022:19:35:45 +0900] "POST /kiosk/category/get/categorySq?categorySq=0 HTTP/1.1" 200 9146
0:0:0:0:0:0:0:1 - - [02/Jun/2022:19:35:45 +0900] "POST /kiosk/category/get/categorySq?categorySq=0 HTTP/1.1" 200 9146
0:0:0:0:0:0:0:1 - - [02/Jun/2022:19:35:47 +0900] "POST /kiosk/CategoryList HTTP/1.1" 200 196
0:0:0:0:0:0:0:1 - - [02/Jun/2022:19:35:47 +0900] "POST /kiosk/CategoryList HTTP/1.1" 200 196
0:0:0:0:0:0:0:1 - - [02/Jun/2022:19:35:47 +0900] "GET /kiosk/img/menu/20220602181847.png HTTP/1.1" 404 133
0:0:0:0:0:0:0:1 - - [02/Jun/2022:19:35:47 +0900] "GET /kiosk/img/menu/20220602181922.png HTTP/1.1" 404 133
0:0:0:0:0:0:0:1 - - [02/Jun/2022:19:35:47 +0900] "GET /kiosk/img/menu/20220602181836.jpg HTTP/1.1" 404 133
0:0:0:0:0:0:0:1 - - [02/Jun/2022:19:35:47 +0900] "GET /kiosk/img/menu/20220602181842.png HTTP/1.1" 404 133
0:0:0:0:0:0:0:1 - - [02/Jun/2022:19:35:47 +0900] "GET /kiosk/img/menu/20220602182323.png HTTP/1.1" 404 133
0:0:0:0:0:0:0:1 - - [02/Jun/2022:19:35:47 +0900] "GET /kiosk/img/menu/20220602181909.ico HTTP/1.1" 404 133
0:0:0:0:0:0:0:1 - - [02/Jun/2022:19:35:47 +0900] "GET /kiosk/img/menu/20220602181851.ico HTTP/1.1" 404 133
0:0:0:0:0:0:0:1 - - [02/Jun/2022:19:35:54 +0900] "POST /admin/get/all/menu/list HTTP/1.1" 200 9146
0:0:0:0:0:0:0:1 - - [02/Jun/2022:19:35:54 +0900] "POST /admin/get/all/menu/list HTTP/1.1" 200 9146
0:0:0:0:0:0:0:1 - - [02/Jun/2022:19:35:58 +0900] "POST /admin/menu/get/all/side HTTP/1.1" 500 135
0:0:0:0:0:0:0:1 - - [02/Jun/2022:19:35:58 +0900] "POST /admin/menu/get/all/side HTTP/1.1" 500 135
0:0:0:0:0:0:0:1 - - [02/Jun/2022:19:36:01 +0900] "POST /admin/menu/get/all/side HTTP/1.1" 500 135
0:0:0:0:0:0:0:1 - - [02/Jun/2022:19:36:01 +0900] "POST /admin/menu/get/all/side HTTP/1.1" 500 135
0:0:0:0:0:0:0:1 - - [02/Jun/2022:19:36:01 +0900] "POST /kiosk/category/get/categorySq?categorySq=0 HTTP/1.1" 200 9146
0:0:0:0:0:0:0:1 - - [02/Jun/2022:19:36:01 +0900] "POST /kiosk/category/get/categorySq?categorySq=0 HTTP/1.1" 200 9146
0:0:0:0:0:0:0:1 - - [02/Jun/2022:19:36:03 +0900] "POST /kiosk/CategoryList HTTP/1.1" 200 196
0:0:0:0:0:0:0:1 - - [02/Jun/2022:19:36:03 +0900] "POST /kiosk/CategoryList HTTP/1.1" 200 196
0:0:0:0:0:0:0:1 - - [02/Jun/2022:19:37:45 +0900] "POST /admin/menu/get/all/side HTTP/1.1" 500 135
0:0:0:0:0:0:0:1 - - [02/Jun/2022:19:37:46 +0900] "POST /admin/menu/get/all/side HTTP/1.1" 500 135
0:0:0:0:0:0:0:1 - - [02/Jun/2022:19:37:46 +0900] "POST /kiosk/category/get/categorySq?categorySq=0 HTTP/1.1" 200 9146
0:0:0:0:0:0:0:1 - - [02/Jun/2022:19:37:46 +0900] "POST /kiosk/category/get/categorySq?categorySq=0 HTTP/1.1" 200 9146
0:0:0:0:0:0:0:1 - - [02/Jun/2022:19:37:48 +0900] "POST /kiosk/CategoryList HTTP/1.1" 200 196
0:0:0:0:0:0:0:1 - - [02/Jun/2022:19:37:48 +0900] "POST /kiosk/CategoryList HTTP/1.1" 200 196
0:0:0:0:0:0:0:1 - - [02/Jun/2022:19:39:49 +0900] "POST /admin/menu/get/all/side HTTP/1.1" 500 135
0:0:0:0:0:0:0:1 - - [02/Jun/2022:19:40:13 +0900] "POST /admin/menu/get/all/side HTTP/1.1" 200 3098
0:0:0:0:0:0:0:1 - - [02/Jun/2022:19:40:13 +0900] "POST /admin/menu/get/all/side HTTP/1.1" 200 3098
0:0:0:0:0:0:0:1 - - [02/Jun/2022:19:40:13 +0900] "POST /kiosk/category/get/categorySq?categorySq=0 HTTP/1.1" 200 9146
0:0:0:0:0:0:0:1 - - [02/Jun/2022:19:40:13 +0900] "POST /kiosk/category/get/categorySq?categorySq=0 HTTP/1.1" 200 9146
0:0:0:0:0:0:0:1 - - [02/Jun/2022:19:40:15 +0900] "POST /kiosk/CategoryList HTTP/1.1" 200 196
0:0:0:0:0:0:0:1 - - [02/Jun/2022:19:40:15 +0900] "POST /kiosk/CategoryList HTTP/1.1" 200 196
0:0:0:0:0:0:0:1 - - [02/Jun/2022:19:40:16 +0900] "POST /admin/menu/get/all/side HTTP/1.1" 200 3098
0:0:0:0:0:0:0:1 - - [02/Jun/2022:19:40:16 +0900] "POST /admin/menu/get/all/side HTTP/1.1" 200 3098
0:0:0:0:0:0:0:1 - - [02/Jun/2022:19:40:17 +0900] "POST /kiosk/category/get/categorySq?categorySq=0 HTTP/1.1" 200 9146
0:0:0:0:0:0:0:1 - - [02/Jun/2022:19:40:17 +0900] "POST /kiosk/category/get/categorySq?categorySq=0 HTTP/1.1" 200 9146
0:0:0:0:0:0:0:1 - - [02/Jun/2022:19:40:18 +0900] "POST /kiosk/CategoryList HTTP/1.1" 200 196
0:0:0:0:0:0:0:1 - - [02/Jun/2022:19:40:18 +0900] "POST /kiosk/CategoryList HTTP/1.1" 200 196
0:0:0:0:0:0:0:1 - - [02/Jun/2022:19:46:56 +0900] "POST /admin/menu/get/all/side HTTP/1.1" 200 3098
0:0:0:0:0:0:0:1 - - [02/Jun/2022:19:47:28 +0900] "POST /admin/menu/get/all/side HTTP/1.1" 200 3098
0:0:0:0:0:0:0:1 - - [02/Jun/2022:19:47:52 +0900] "POST /admin/menu/get/all/side HTTP/1.1" 200 3098
0:0:0:0:0:0:0:1 - - [02/Jun/2022:19:48:16 +0900] "GET /admin/menu/get/all/side HTTP/1.1" 200 3098
0:0:0:0:0:0:0:1 - - [02/Jun/2022:19:48:23 +0900] "GET /admin/menu/get/all/side HTTP/1.1" 200 3098
0:0:0:0:0:0:0:1 - - [02/Jun/2022:19:48:32 +0900] "POST /admin/menu/get/all/side HTTP/1.1" 200 3098
0:0:0:0:0:0:0:1 - - [02/Jun/2022:19:53:24 +0900] "GET /admin/menu/get/all/side HTTP/1.1" 200 3098
0:0:0:0:0:0:0:1 - - [02/Jun/2022:19:54:40 +0900] "POST /admin/menu/get/all/v1/side HTTP/1.1" 200 3098
