0:0:0:0:0:0:0:1 - - [04/Jun/2022:12:42:32 +0900] "POST /kiosk/category/get/categorySq?categorySq=0 HTTP/1.1" 200 7007
0:0:0:0:0:0:0:1 - - [04/Jun/2022:12:42:32 +0900] "POST /kiosk/category/get/categorySq?categorySq=0 HTTP/1.1" 200 7007
0:0:0:0:0:0:0:1 - - [04/Jun/2022:12:42:33 +0900] "POST /kiosk/CategoryList HTTP/1.1" 200 138
0:0:0:0:0:0:0:1 - - [04/Jun/2022:12:42:33 +0900] "POST /kiosk/CategoryList HTTP/1.1" 200 138
0:0:0:0:0:0:0:1 - - [04/Jun/2022:12:42:46 +0900] "POST /kiosk/category/get/categorySq?categorySq=0 HTTP/1.1" 200 7007
0:0:0:0:0:0:0:1 - - [04/Jun/2022:12:42:46 +0900] "POST /kiosk/category/get/categorySq?categorySq=0 HTTP/1.1" 200 7007
0:0:0:0:0:0:0:1 - - [04/Jun/2022:12:42:47 +0900] "POST /kiosk/CategoryList HTTP/1.1" 200 138
0:0:0:0:0:0:0:1 - - [04/Jun/2022:12:42:48 +0900] "POST /kiosk/CategoryList HTTP/1.1" 200 138
0:0:0:0:0:0:0:1 - - [04/Jun/2022:12:42:49 +0900] "GET /kiosk/img/menu/20220602181922.png HTTP/1.1" 404 133
0:0:0:0:0:0:0:1 - - [04/Jun/2022:12:42:49 +0900] "GET /kiosk/img/menu/20220602181842.png HTTP/1.1" 404 133
0:0:0:0:0:0:0:1 - - [04/Jun/2022:12:42:49 +0900] "GET /kiosk/img/menu/20220602181847.png HTTP/1.1" 404 133
0:0:0:0:0:0:0:1 - - [04/Jun/2022:12:42:49 +0900] "GET /kiosk/img/menu/20220602181851.ico HTTP/1.1" 404 133
0:0:0:0:0:0:0:1 - - [04/Jun/2022:12:42:49 +0900] "GET /kiosk/img/menu/20220602181909.ico HTTP/1.1" 404 133
0:0:0:0:0:0:0:1 - - [04/Jun/2022:12:42:56 +0900] "POST /admin/get/all/menu/list HTTP/1.1" 200 7007
0:0:0:0:0:0:0:1 - - [04/Jun/2022:12:42:56 +0900] "POST /admin/get/all/menu/list HTTP/1.1" 200 7007
0:0:0:0:0:0:0:1 - - [04/Jun/2022:12:42:57 +0900] "POST /admin/order/date?payStatus=all&startDate=2022-6-4&endDate=2022-6-4 HTTP/1.1" 200 12
0:0:0:0:0:0:0:1 - - [04/Jun/2022:12:42:57 +0900] "POST /admin/order/date?payStatus=all&startDate=2022-6-4&endDate=2022-6-4 HTTP/1.1" 200 12
0:0:0:0:0:0:0:1 - - [04/Jun/2022:12:43:04 +0900] "POST /admin/order/date?payStatus=all&startDate=2022-06-03&endDate=2022-6-4 HTTP/1.1" 200 7525
0:0:0:0:0:0:0:1 - - [04/Jun/2022:12:43:06 +0900] "GET /kiosk/img/menu/20220602181851.ico HTTP/1.1" 404 133
0:0:0:0:0:0:0:1 - - [04/Jun/2022:12:43:10 +0900] "GET /kiosk/img/menu/20220602181851.ico HTTP/1.1" 404 133
0:0:0:0:0:0:0:1 - - [04/Jun/2022:12:43:10 +0900] "GET /kiosk/img/menu/20220602181842.png HTTP/1.1" 404 133
0:0:0:0:0:0:0:1 - - [04/Jun/2022:12:43:10 +0900] "GET /kiosk/img/menu/20220602181922.png HTTP/1.1" 404 133
0:0:0:0:0:0:0:1 - - [04/Jun/2022:12:50:28 +0900] "GET /kiosk/img/menu/20220602181851.ico HTTP/1.1" 404 133
0:0:0:0:0:0:0:1 - - [04/Jun/2022:12:50:28 +0900] "GET /kiosk/img/menu/20220602181842.png HTTP/1.1" 404 133
0:0:0:0:0:0:0:1 - - [04/Jun/2022:12:50:28 +0900] "GET /kiosk/img/menu/20220602181922.png HTTP/1.1" 404 133
0:0:0:0:0:0:0:1 - - [04/Jun/2022:12:50:29 +0900] "GET /kiosk/img/menu/20220602181842.png HTTP/1.1" 404 133
0:0:0:0:0:0:0:1 - - [04/Jun/2022:12:50:29 +0900] "GET /kiosk/img/menu/20220602181851.ico HTTP/1.1" 404 133
0:0:0:0:0:0:0:1 - - [04/Jun/2022:12:50:29 +0900] "GET /kiosk/img/menu/20220602181922.png HTTP/1.1" 404 133
0:0:0:0:0:0:0:1 - - [04/Jun/2022:12:50:30 +0900] "POST /admin/order/date?payStatus=all&startDate=2022-06-03&endDate=2022-6-4 HTTP/1.1" 200 7525
0:0:0:0:0:0:0:1 - - [04/Jun/2022:12:50:31 +0900] "POST /admin/order/date?payStatus=all&startDate=2022-06-03&endDate=2022-6-4 HTTP/1.1" 200 7525
0:0:0:0:0:0:0:1 - - [04/Jun/2022:12:50:40 +0900] "POST /admin/order/date?payStatus=all&startDate=2022-06-03&endDate=2022-6-4 HTTP/1.1" 200 7525
0:0:0:0:0:0:0:1 - - [04/Jun/2022:12:50:54 +0900] "GET /kiosk/get/setting?setting=all HTTP/1.1" 200 339
0:0:0:0:0:0:0:1 - - [04/Jun/2022:12:51:08 +0900] "GET /kiosk/get/setting?setting=all HTTP/1.1" 200 339
0:0:0:0:0:0:0:1 - - [04/Jun/2022:12:53:19 +0900] "GET /admin/v1/setting?status=123 HTTP/1.1" 200 108
0:0:0:0:0:0:0:1 - - [04/Jun/2022:12:53:19 +0900] "GET /admin/v1/setting?status=123 HTTP/1.1" 200 108
0:0:0:0:0:0:0:1 - - [04/Jun/2022:12:53:20 +0900] "POST /admin/order/date?payStatus=all&startDate=2022-6-4&endDate=2022-6-4 HTTP/1.1" 200 12
0:0:0:0:0:0:0:1 - - [04/Jun/2022:12:53:20 +0900] "POST /admin/order/date?payStatus=all&startDate=2022-6-4&endDate=2022-6-4 HTTP/1.1" 200 12
0:0:0:0:0:0:0:1 - - [04/Jun/2022:12:53:22 +0900] "POST /admin/order/date?payStatus=card&startDate=2022-6-4&endDate=2022-6-4 HTTP/1.1" 200 12
0:0:0:0:0:0:0:1 - - [04/Jun/2022:12:53:22 +0900] "POST /admin/order/date?payStatus=card&startDate=2022-6-4&endDate=2022-6-4 HTTP/1.1" 200 12
0:0:0:0:0:0:0:1 - - [04/Jun/2022:12:53:23 +0900] "POST /admin/order/date?payStatus=money&startDate=2022-6-4&endDate=2022-6-4 HTTP/1.1" 200 12
0:0:0:0:0:0:0:1 - - [04/Jun/2022:12:53:23 +0900] "POST /admin/order/date?payStatus=money&startDate=2022-6-4&endDate=2022-6-4 HTTP/1.1" 200 12
0:0:0:0:0:0:0:1 - - [04/Jun/2022:12:54:10 +0900] "POST /admin/order/date?payStatus=all&startDate=2022-6-4&endDate=2022-6-4 HTTP/1.1" 200 12
0:0:0:0:0:0:0:1 - - [04/Jun/2022:12:54:10 +0900] "POST /admin/order/date?payStatus=all&startDate=2022-6-4&endDate=2022-6-4 HTTP/1.1" 200 12
0:0:0:0:0:0:0:1 - - [04/Jun/2022:12:54:46 +0900] "POST /admin/order/date?payStatus=all&startDate=2022-6-4&endDate=2022-6-4 HTTP/1.1" 200 12
0:0:0:0:0:0:0:1 - - [04/Jun/2022:12:54:46 +0900] "POST /admin/order/date?payStatus=all&startDate=2022-6-4&endDate=2022-6-4 HTTP/1.1" 200 12
0:0:0:0:0:0:0:1 - - [04/Jun/2022:12:55:03 +0900] "POST /admin/order/date?payStatus=all&startDate=2022-6-4&endDate=2022-6-4 HTTP/1.1" 200 12
0:0:0:0:0:0:0:1 - - [04/Jun/2022:12:55:03 +0900] "POST /admin/order/date?payStatus=all&startDate=2022-6-4&endDate=2022-6-4 HTTP/1.1" 200 12
0:0:0:0:0:0:0:1 - - [04/Jun/2022:12:55:04 +0900] "POST /admin/order/date?payStatus=all&startDate=2022-6-4&endDate=2022-6-4 HTTP/1.1" 200 12
0:0:0:0:0:0:0:1 - - [04/Jun/2022:12:55:04 +0900] "POST /admin/order/date?payStatus=all&startDate=2022-6-4&endDate=2022-6-4 HTTP/1.1" 200 12
0:0:0:0:0:0:0:1 - - [04/Jun/2022:12:55:37 +0900] "POST /kiosk/category/get/categorySq?categorySq=0 HTTP/1.1" 200 7007
0:0:0:0:0:0:0:1 - - [04/Jun/2022:12:55:37 +0900] "POST /kiosk/category/get/categorySq?categorySq=0 HTTP/1.1" 200 7007
0:0:0:0:0:0:0:1 - - [04/Jun/2022:12:55:38 +0900] "POST /kiosk/CategoryList HTTP/1.1" 200 138
0:0:0:0:0:0:0:1 - - [04/Jun/2022:12:55:38 +0900] "POST /kiosk/CategoryList HTTP/1.1" 200 138
0:0:0:0:0:0:0:1 - - [04/Jun/2022:12:55:39 +0900] "POST /admin/order/date?payStatus=all&startDate=2022-6-4&endDate=2022-6-4 HTTP/1.1" 200 12
0:0:0:0:0:0:0:1 - - [04/Jun/2022:12:55:39 +0900] "POST /admin/order/date?payStatus=all&startDate=2022-6-4&endDate=2022-6-4 HTTP/1.1" 200 12
0:0:0:0:0:0:0:1 - - [04/Jun/2022:12:56:40 +0900] "POST /kiosk/category/get/categorySq?categorySq=0 HTTP/1.1" 200 7007
0:0:0:0:0:0:0:1 - - [04/Jun/2022:12:56:40 +0900] "POST /kiosk/category/get/categorySq?categorySq=0 HTTP/1.1" 200 7007
0:0:0:0:0:0:0:1 - - [04/Jun/2022:12:56:40 +0900] "POST /admin/order/date?payStatus=all&startDate=2022-6-4&endDate=2022-6-4 HTTP/1.1" 200 12
0:0:0:0:0:0:0:1 - - [04/Jun/2022:12:56:40 +0900] "POST /admin/order/date?payStatus=all&startDate=2022-6-4&endDate=2022-6-4 HTTP/1.1" 200 12
0:0:0:0:0:0:0:1 - - [04/Jun/2022:12:56:41 +0900] "POST /kiosk/CategoryList HTTP/1.1" 200 138
0:0:0:0:0:0:0:1 - - [04/Jun/2022:12:56:41 +0900] "POST /kiosk/CategoryList HTTP/1.1" 200 138
0:0:0:0:0:0:0:1 - - [04/Jun/2022:13:00:59 +0900] "POST /kiosk/category/get/categorySq?categorySq=0 HTTP/1.1" 200 7007
0:0:0:0:0:0:0:1 - - [04/Jun/2022:13:00:59 +0900] "POST /kiosk/category/get/categorySq?categorySq=0 HTTP/1.1" 200 7007
0:0:0:0:0:0:0:1 - - [04/Jun/2022:13:01:00 +0900] "POST /kiosk/CategoryList HTTP/1.1" 200 138
0:0:0:0:0:0:0:1 - - [04/Jun/2022:13:01:00 +0900] "POST /kiosk/CategoryList HTTP/1.1" 200 138
0:0:0:0:0:0:0:1 - - [04/Jun/2022:13:01:52 +0900] "POST /kiosk/category/get/categorySq?categorySq=0 HTTP/1.1" 200 7007
0:0:0:0:0:0:0:1 - - [04/Jun/2022:13:01:52 +0900] "POST /kiosk/category/get/categorySq?categorySq=0 HTTP/1.1" 200 7007
0:0:0:0:0:0:0:1 - - [04/Jun/2022:13:01:53 +0900] "POST /kiosk/CategoryList HTTP/1.1" 200 138
0:0:0:0:0:0:0:1 - - [04/Jun/2022:13:01:53 +0900] "POST /kiosk/CategoryList HTTP/1.1" 200 138
0:0:0:0:0:0:0:1 - - [04/Jun/2022:13:07:49 +0900] "POST /admin/order/date?payStatus=all&startDate=2022-6-4&endDate=2022-6-4 HTTP/1.1" 200 12
0:0:0:0:0:0:0:1 - - [04/Jun/2022:13:07:49 +0900] "POST /admin/order/date?payStatus=all&startDate=2022-6-4&endDate=2022-6-4 HTTP/1.1" 200 12
0:0:0:0:0:0:0:1 - - [04/Jun/2022:13:07:50 +0900] "POST /admin/order/date?payStatus=all&startDate=2022-6-4&endDate=2022-6-4 HTTP/1.1" 200 12
0:0:0:0:0:0:0:1 - - [04/Jun/2022:13:07:50 +0900] "POST /admin/order/date?payStatus=all&startDate=2022-6-4&endDate=2022-6-4 HTTP/1.1" 200 12
0:0:0:0:0:0:0:1 - - [04/Jun/2022:13:07:51 +0900] "POST /kiosk/category/get/categorySq?categorySq=0 HTTP/1.1" 200 7007
0:0:0:0:0:0:0:1 - - [04/Jun/2022:13:07:51 +0900] "POST /kiosk/category/get/categorySq?categorySq=0 HTTP/1.1" 200 7007
0:0:0:0:0:0:0:1 - - [04/Jun/2022:13:07:53 +0900] "POST /kiosk/CategoryList HTTP/1.1" 200 138
0:0:0:0:0:0:0:1 - - [04/Jun/2022:13:07:53 +0900] "POST /kiosk/CategoryList HTTP/1.1" 200 138
0:0:0:0:0:0:0:1 - - [04/Jun/2022:13:08:52 +0900] "POST /admin/order/date?payStatus=all&startDate=2022-6-4&endDate=2022-6-4 HTTP/1.1" 200 12
0:0:0:0:0:0:0:1 - - [04/Jun/2022:13:08:52 +0900] "POST /admin/order/date?payStatus=all&startDate=2022-6-4&endDate=2022-6-4 HTTP/1.1" 200 12
0:0:0:0:0:0:0:1 - - [04/Jun/2022:13:08:52 +0900] "POST /admin/order/date?payStatus=all&startDate=2022-6-4&endDate=2022-6-4 HTTP/1.1" 200 12
0:0:0:0:0:0:0:1 - - [04/Jun/2022:13:08:58 +0900] "POST /admin/order/date?payStatus=all&startDate=2022-06-03&endDate=2022-6-4 HTTP/1.1" 200 7525
0:0:0:0:0:0:0:1 - - [04/Jun/2022:13:09:02 +0900] "POST /admin/order/date?payStatus=all&startDate=2022-6-4&endDate=2022-6-4 HTTP/1.1" 200 12
0:0:0:0:0:0:0:1 - - [04/Jun/2022:13:09:02 +0900] "POST /admin/order/date?payStatus=all&startDate=2022-6-4&endDate=2022-6-4 HTTP/1.1" 200 12
0:0:0:0:0:0:0:1 - - [04/Jun/2022:13:09:36 +0900] "POST /admin/order/date?payStatus=all&startDate=2022-6-4&endDate=2022-6-4 HTTP/1.1" 200 12
0:0:0:0:0:0:0:1 - - [04/Jun/2022:13:09:58 +0900] "POST /admin/order/date?payStatus=all&startDate=2022-6-4&endDate=2022-6-4 HTTP/1.1" 200 12
0:0:0:0:0:0:0:1 - - [04/Jun/2022:13:10:07 +0900] "POST /admin/order/date?payStatus=all&startDate=2022-6-4&endDate=2022-6-4 HTTP/1.1" 200 12
0:0:0:0:0:0:0:1 - - [04/Jun/2022:13:10:07 +0900] "POST /admin/order/date?payStatus=all&startDate=2022-6-4&endDate=2022-6-4 HTTP/1.1" 200 12
0:0:0:0:0:0:0:1 - - [04/Jun/2022:13:10:08 +0900] "POST /admin/order/date?payStatus=all&startDate=2022-6-4&endDate=2022-6-4 HTTP/1.1" 200 12
0:0:0:0:0:0:0:1 - - [04/Jun/2022:13:10:08 +0900] "POST /admin/order/date?payStatus=all&startDate=2022-6-4&endDate=2022-6-4 HTTP/1.1" 200 12
0:0:0:0:0:0:0:1 - - [04/Jun/2022:13:10:11 +0900] "POST /admin/order/date?payStatus=all&startDate=2022-6-4&endDate=2022-6-4 HTTP/1.1" 200 12
0:0:0:0:0:0:0:1 - - [04/Jun/2022:13:10:11 +0900] "POST /admin/order/date?payStatus=all&startDate=2022-6-4&endDate=2022-6-4 HTTP/1.1" 200 12
0:0:0:0:0:0:0:1 - - [04/Jun/2022:13:10:13 +0900] "POST /admin/order/date?payStatus=all&startDate=2022-6-4&endDate=2022-6-4 HTTP/1.1" 200 12
0:0:0:0:0:0:0:1 - - [04/Jun/2022:13:10:13 +0900] "POST /admin/order/date?payStatus=all&startDate=2022-6-4&endDate=2022-6-4 HTTP/1.1" 200 12
0:0:0:0:0:0:0:1 - - [04/Jun/2022:13:11:21 +0900] "POST /admin/order/date?payStatus=all&startDate=2022-6-4&endDate=2022-6-4 HTTP/1.1" 200 12
0:0:0:0:0:0:0:1 - - [04/Jun/2022:13:11:23 +0900] "POST /admin/order/date?payStatus=all&startDate=2022-6-4&endDate=2022-6-4 HTTP/1.1" 200 12
0:0:0:0:0:0:0:1 - - [04/Jun/2022:13:11:23 +0900] "POST /admin/order/date?payStatus=all&startDate=2022-6-4&endDate=2022-6-4 HTTP/1.1" 200 12
0:0:0:0:0:0:0:1 - - [04/Jun/2022:13:11:24 +0900] "GET /kiosk/img/menu/20220602181847.png HTTP/1.1" 404 133
0:0:0:0:0:0:0:1 - - [04/Jun/2022:13:11:24 +0900] "GET /kiosk/img/menu/20220602181842.png HTTP/1.1" 404 133
0:0:0:0:0:0:0:1 - - [04/Jun/2022:13:11:24 +0900] "GET /kiosk/img/menu/20220602181851.ico HTTP/1.1" 404 133
0:0:0:0:0:0:0:1 - - [04/Jun/2022:13:11:24 +0900] "GET /kiosk/img/menu/20220602181922.png HTTP/1.1" 404 133
0:0:0:0:0:0:0:1 - - [04/Jun/2022:13:11:24 +0900] "GET /kiosk/img/menu/20220602181909.ico HTTP/1.1" 404 133
0:0:0:0:0:0:0:1 - - [04/Jun/2022:13:11:25 +0900] "GET /kiosk/img/menu/20220602181851.ico HTTP/1.1" 404 133
0:0:0:0:0:0:0:1 - - [04/Jun/2022:13:11:25 +0900] "GET / HTTP/1.1" 404 100
0:0:0:0:0:0:0:1 - - [04/Jun/2022:13:11:25 +0900] "POST /kiosk/category/get/categorySq?categorySq=0 HTTP/1.1" 200 7007
0:0:0:0:0:0:0:1 - - [04/Jun/2022:13:11:25 +0900] "GET /kiosk/img/menu/20220602181851.ico HTTP/1.1" 404 133
0:0:0:0:0:0:0:1 - - [04/Jun/2022:13:11:25 +0900] "POST /kiosk/category/get/categorySq?categorySq=0 HTTP/1.1" 200 7007
0:0:0:0:0:0:0:1 - - [04/Jun/2022:13:11:25 +0900] "POST /kiosk/category/get/categorySq?categorySq=0 HTTP/1.1" 200 7007
0:0:0:0:0:0:0:1 - - [04/Jun/2022:13:11:25 +0900] "GET /kiosk/img/menu/20220602181851.ico HTTP/1.1" 404 133
0:0:0:0:0:0:0:1 - - [04/Jun/2022:13:11:26 +0900] "GET /kiosk/img/menu/20220602181851.ico HTTP/1.1" 404 133
0:0:0:0:0:0:0:1 - - [04/Jun/2022:13:11:26 +0900] "GET /kiosk/img/menu/20220602181851.ico HTTP/1.1" 404 133
0:0:0:0:0:0:0:1 - - [04/Jun/2022:13:11:26 +0900] "POST /kiosk/CategoryList HTTP/1.1" 200 138
0:0:0:0:0:0:0:1 - - [04/Jun/2022:13:11:26 +0900] "GET /kiosk/img/menu/20220602181851.ico HTTP/1.1" 404 133
0:0:0:0:0:0:0:1 - - [04/Jun/2022:13:11:27 +0900] "POST /kiosk/CategoryList HTTP/1.1" 200 138
0:0:0:0:0:0:0:1 - - [04/Jun/2022:13:11:27 +0900] "GET /kiosk/img/menu/20220602181851.ico HTTP/1.1" 404 133
0:0:0:0:0:0:0:1 - - [04/Jun/2022:13:11:27 +0900] "POST /kiosk/CategoryList HTTP/1.1" 200 138
0:0:0:0:0:0:0:1 - - [04/Jun/2022:13:11:27 +0900] "GET /kiosk/img/menu/20220602181851.ico HTTP/1.1" 404 133
0:0:0:0:0:0:0:1 - - [04/Jun/2022:13:11:41 +0900] "POST /kiosk/menu/order/menu HTTP/1.1" 200 498
0:0:0:0:0:0:0:1 - - [04/Jun/2022:13:11:41 +0900] "GET /kiosk/get/setting?setting=all HTTP/1.1" 200 339
0:0:0:0:0:0:0:1 - - [04/Jun/2022:13:11:50 +0900] "GET /kiosk/img/menu/20220602181922.png HTTP/1.1" 404 133
0:0:0:0:0:0:0:1 - - [04/Jun/2022:13:11:50 +0900] "GET /kiosk/img/menu/20220602181851.ico HTTP/1.1" 404 133
0:0:0:0:0:0:0:1 - - [04/Jun/2022:13:11:50 +0900] "GET /kiosk/img/menu/20220602181842.png HTTP/1.1" 404 133
0:0:0:0:0:0:0:1 - - [04/Jun/2022:13:11:50 +0900] "GET /kiosk/img/menu/20220602181847.png HTTP/1.1" 404 133
0:0:0:0:0:0:0:1 - - [04/Jun/2022:13:11:50 +0900] "GET /kiosk/img/menu/20220602181909.ico HTTP/1.1" 404 133
0:0:0:0:0:0:0:1 - - [04/Jun/2022:13:11:52 +0900] "GET / HTTP/1.1" 404 100
0:0:0:0:0:0:0:1 - - [04/Jun/2022:13:11:52 +0900] "GET /kiosk/img/menu/20220602181851.ico HTTP/1.1" 404 133
0:0:0:0:0:0:0:1 - - [04/Jun/2022:13:11:52 +0900] "GET /kiosk/img/menu/20220602181851.ico HTTP/1.1" 404 133
0:0:0:0:0:0:0:1 - - [04/Jun/2022:13:11:53 +0900] "GET /kiosk/img/menu/20220602181851.ico HTTP/1.1" 404 133
0:0:0:0:0:0:0:1 - - [04/Jun/2022:13:11:55 +0900] "POST /kiosk/menu/order/menu HTTP/1.1" 200 498
0:0:0:0:0:0:0:1 - - [04/Jun/2022:13:12:35 +0900] "GET /kiosk/img/menu/20220602181909.ico HTTP/1.1" 404 133
0:0:0:0:0:0:0:1 - - [04/Jun/2022:13:12:35 +0900] "GET /kiosk/img/menu/20220602181842.png HTTP/1.1" 404 133
0:0:0:0:0:0:0:1 - - [04/Jun/2022:13:12:35 +0900] "GET /kiosk/img/menu/20220602181851.ico HTTP/1.1" 404 133
0:0:0:0:0:0:0:1 - - [04/Jun/2022:13:12:35 +0900] "GET /kiosk/img/menu/20220602181847.png HTTP/1.1" 404 133
0:0:0:0:0:0:0:1 - - [04/Jun/2022:13:12:35 +0900] "GET /kiosk/img/menu/20220602181922.png HTTP/1.1" 404 133
0:0:0:0:0:0:0:1 - - [04/Jun/2022:13:12:36 +0900] "GET /kiosk/img/menu/20220602181842.png HTTP/1.1" 404 133
0:0:0:0:0:0:0:1 - - [04/Jun/2022:13:12:37 +0900] "GET /kiosk/img/menu/20220602181842.png HTTP/1.1" 404 133
0:0:0:0:0:0:0:1 - - [04/Jun/2022:13:12:37 +0900] "GET / HTTP/1.1" 404 100
0:0:0:0:0:0:0:1 - - [04/Jun/2022:13:12:37 +0900] "GET /kiosk/img/menu/20220602181851.ico HTTP/1.1" 404 133
0:0:0:0:0:0:0:1 - - [04/Jun/2022:13:12:38 +0900] "GET /kiosk/img/menu/20220602181851.ico HTTP/1.1" 404 133
0:0:0:0:0:0:0:1 - - [04/Jun/2022:13:12:38 +0900] "GET /kiosk/img/menu/20220602181842.png HTTP/1.1" 404 133
0:0:0:0:0:0:0:1 - - [04/Jun/2022:13:12:38 +0900] "GET /kiosk/img/menu/20220602181851.ico HTTP/1.1" 404 133
0:0:0:0:0:0:0:1 - - [04/Jun/2022:13:12:40 +0900] "POST /kiosk/menu/order/menu HTTP/1.1" 200 644
0:0:0:0:0:0:0:1 - - [04/Jun/2022:13:12:40 +0900] "GET /kiosk/get/setting?setting=all HTTP/1.1" 200 339
0:0:0:0:0:0:0:1 - - [04/Jun/2022:13:12:50 +0900] "POST /admin/get/all/menu/list HTTP/1.1" 200 7007
0:0:0:0:0:0:0:1 - - [04/Jun/2022:13:12:50 +0900] "POST /admin/get/all/menu/list HTTP/1.1" 200 7007
0:0:0:0:0:0:0:1 - - [04/Jun/2022:13:12:51 +0900] "POST /admin/order/date?payStatus=all&startDate=2022-6-4&endDate=2022-6-4 HTTP/1.1" 200 2788
0:0:0:0:0:0:0:1 - - [04/Jun/2022:13:12:51 +0900] "POST /admin/order/date?payStatus=all&startDate=2022-6-4&endDate=2022-6-4 HTTP/1.1" 200 2788
0:0:0:0:0:0:0:1 - - [04/Jun/2022:13:13:22 +0900] "POST /admin/order/date?payStatus=all&startDate=2022-6-4&endDate=2022-6-4 HTTP/1.1" 200 2788
0:0:0:0:0:0:0:1 - - [04/Jun/2022:13:13:22 +0900] "POST /admin/order/date?payStatus=all&startDate=2022-6-4&endDate=2022-6-4 HTTP/1.1" 200 2788
0:0:0:0:0:0:0:1 - - [04/Jun/2022:13:15:15 +0900] "POST /kiosk/category/get/categorySq?categorySq=0 HTTP/1.1" 200 7007
0:0:0:0:0:0:0:1 - - [04/Jun/2022:13:15:16 +0900] "GET /kiosk/img/menu/20220602181842.png HTTP/1.1" 404 133
0:0:0:0:0:0:0:1 - - [04/Jun/2022:13:15:16 +0900] "GET /kiosk/img/menu/20220602181847.png HTTP/1.1" 404 133
0:0:0:0:0:0:0:1 - - [04/Jun/2022:13:15:16 +0900] "GET /kiosk/img/menu/20220602181851.ico HTTP/1.1" 404 133
0:0:0:0:0:0:0:1 - - [04/Jun/2022:13:15:16 +0900] "GET /kiosk/img/menu/20220602181909.ico HTTP/1.1" 404 133
0:0:0:0:0:0:0:1 - - [04/Jun/2022:13:15:16 +0900] "GET /kiosk/img/menu/20220602181922.png HTTP/1.1" 404 133
0:0:0:0:0:0:0:1 - - [04/Jun/2022:13:15:17 +0900] "POST /kiosk/CategoryList HTTP/1.1" 200 138
0:0:0:0:0:0:0:1 - - [04/Jun/2022:13:15:17 +0900] "POST /kiosk/category/get/categorySq?categorySq=0 HTTP/1.1" 200 7007
0:0:0:0:0:0:0:1 - - [04/Jun/2022:13:15:18 +0900] "POST /kiosk/CategoryList HTTP/1.1" 200 138
0:0:0:0:0:0:0:1 - - [04/Jun/2022:13:15:19 +0900] "GET / HTTP/1.1" 404 100
0:0:0:0:0:0:0:1 - - [04/Jun/2022:13:15:19 +0900] "GET /kiosk/img/menu/20220602181851.ico HTTP/1.1" 404 133
0:0:0:0:0:0:0:1 - - [04/Jun/2022:13:15:20 +0900] "GET /kiosk/img/menu/20220602181851.ico HTTP/1.1" 404 133
0:0:0:0:0:0:0:1 - - [04/Jun/2022:13:15:20 +0900] "GET /kiosk/img/menu/20220602181851.ico HTTP/1.1" 404 133
0:0:0:0:0:0:0:1 - - [04/Jun/2022:13:15:23 +0900] "POST /kiosk/menu/order/menu HTTP/1.1" 200 498
0:0:0:0:0:0:0:1 - - [04/Jun/2022:13:15:23 +0900] "GET /kiosk/get/setting?setting=all HTTP/1.1" 200 339
0:0:0:0:0:0:0:1 - - [04/Jun/2022:13:16:41 +0900] "GET /kiosk/img/menu/20220602181842.png HTTP/1.1" 404 133
0:0:0:0:0:0:0:1 - - [04/Jun/2022:13:16:41 +0900] "GET /kiosk/img/menu/20220602181922.png HTTP/1.1" 404 133
0:0:0:0:0:0:0:1 - - [04/Jun/2022:13:16:41 +0900] "GET /kiosk/img/menu/20220602181847.png HTTP/1.1" 404 133
0:0:0:0:0:0:0:1 - - [04/Jun/2022:13:16:41 +0900] "GET /kiosk/img/menu/20220602181851.ico HTTP/1.1" 404 133
0:0:0:0:0:0:0:1 - - [04/Jun/2022:13:16:41 +0900] "GET /kiosk/img/menu/20220602181909.ico HTTP/1.1" 404 133
0:0:0:0:0:0:0:1 - - [04/Jun/2022:13:16:41 +0900] "GET / HTTP/1.1" 404 100
0:0:0:0:0:0:0:1 - - [04/Jun/2022:13:16:41 +0900] "GET /kiosk/img/menu/20220602181851.ico HTTP/1.1" 404 133
0:0:0:0:0:0:0:1 - - [04/Jun/2022:13:16:42 +0900] "GET /kiosk/img/menu/20220602181851.ico HTTP/1.1" 404 133
0:0:0:0:0:0:0:1 - - [04/Jun/2022:13:16:42 +0900] "GET /kiosk/img/menu/20220602181851.ico HTTP/1.1" 404 133
0:0:0:0:0:0:0:1 - - [04/Jun/2022:13:16:44 +0900] "POST /kiosk/menu/order/menu HTTP/1.1" 200 498
0:0:0:0:0:0:0:1 - - [04/Jun/2022:13:16:44 +0900] "GET /kiosk/get/setting?setting=all HTTP/1.1" 200 339
0:0:0:0:0:0:0:1 - - [04/Jun/2022:13:16:46 +0900] "GET /kiosk/img/menu/20220602181847.png HTTP/1.1" 404 133
0:0:0:0:0:0:0:1 - - [04/Jun/2022:13:16:46 +0900] "GET /kiosk/img/menu/20220602181851.ico HTTP/1.1" 404 133
0:0:0:0:0:0:0:1 - - [04/Jun/2022:13:16:46 +0900] "GET /kiosk/img/menu/20220602181842.png HTTP/1.1" 404 133
0:0:0:0:0:0:0:1 - - [04/Jun/2022:13:16:46 +0900] "GET /kiosk/img/menu/20220602181909.ico HTTP/1.1" 404 133
0:0:0:0:0:0:0:1 - - [04/Jun/2022:13:16:46 +0900] "GET /kiosk/img/menu/20220602181922.png HTTP/1.1" 404 133
0:0:0:0:0:0:0:1 - - [04/Jun/2022:13:16:56 +0900] "GET / HTTP/1.1" 404 100
0:0:0:0:0:0:0:1 - - [04/Jun/2022:13:16:56 +0900] "GET /kiosk/img/menu/20220602181851.ico HTTP/1.1" 404 133
0:0:0:0:0:0:0:1 - - [04/Jun/2022:13:16:57 +0900] "GET /kiosk/img/menu/20220602181851.ico HTTP/1.1" 404 133
0:0:0:0:0:0:0:1 - - [04/Jun/2022:13:16:57 +0900] "GET /kiosk/img/menu/20220602181851.ico HTTP/1.1" 404 133
0:0:0:0:0:0:0:1 - - [04/Jun/2022:13:16:58 +0900] "POST /kiosk/menu/order/menu HTTP/1.1" 200 498
0:0:0:0:0:0:0:1 - - [04/Jun/2022:13:16:59 +0900] "GET /kiosk/get/setting?setting=all HTTP/1.1" 200 339
0:0:0:0:0:0:0:1 - - [04/Jun/2022:13:25:24 +0900] "POST /kiosk/category/get/categorySq?categorySq=0 HTTP/1.1" 200 7007
0:0:0:0:0:0:0:1 - - [04/Jun/2022:13:25:24 +0900] "POST /kiosk/category/get/categorySq?categorySq=0 HTTP/1.1" 200 7007
0:0:0:0:0:0:0:1 - - [04/Jun/2022:13:25:26 +0900] "POST /kiosk/CategoryList HTTP/1.1" 200 138
0:0:0:0:0:0:0:1 - - [04/Jun/2022:13:25:26 +0900] "POST /kiosk/CategoryList HTTP/1.1" 200 138
0:0:0:0:0:0:0:1 - - [04/Jun/2022:13:25:58 +0900] "GET /kiosk/img/menu/20220602181842.png HTTP/1.1" 404 133
0:0:0:0:0:0:0:1 - - [04/Jun/2022:13:25:58 +0900] "GET /kiosk/img/menu/20220602181847.png HTTP/1.1" 404 133
0:0:0:0:0:0:0:1 - - [04/Jun/2022:13:25:58 +0900] "GET /kiosk/img/menu/20220602181851.ico HTTP/1.1" 404 133
0:0:0:0:0:0:0:1 - - [04/Jun/2022:13:25:58 +0900] "GET /kiosk/img/menu/20220602181922.png HTTP/1.1" 404 133
0:0:0:0:0:0:0:1 - - [04/Jun/2022:13:25:58 +0900] "GET /kiosk/img/menu/20220602181909.ico HTTP/1.1" 404 133
0:0:0:0:0:0:0:1 - - [04/Jun/2022:13:26:02 +0900] "GET / HTTP/1.1" 404 100
0:0:0:0:0:0:0:1 - - [04/Jun/2022:13:26:02 +0900] "GET /kiosk/img/menu/20220602181851.ico HTTP/1.1" 404 133
0:0:0:0:0:0:0:1 - - [04/Jun/2022:13:26:02 +0900] "GET /kiosk/img/menu/20220602181851.ico HTTP/1.1" 404 133
0:0:0:0:0:0:0:1 - - [04/Jun/2022:13:26:03 +0900] "GET /kiosk/img/menu/20220602181851.ico HTTP/1.1" 404 133
0:0:0:0:0:0:0:1 - - [04/Jun/2022:13:26:04 +0900] "POST /kiosk/menu/order/menu HTTP/1.1" 200 498
0:0:0:0:0:0:0:1 - - [04/Jun/2022:13:26:04 +0900] "GET /kiosk/get/setting?setting=all HTTP/1.1" 200 339
0:0:0:0:0:0:0:1 - - [04/Jun/2022:13:26:31 +0900] "POST /kiosk/category/get/categorySq?categorySq=0 HTTP/1.1" 200 7007
0:0:0:0:0:0:0:1 - - [04/Jun/2022:13:26:31 +0900] "POST /kiosk/category/get/categorySq?categorySq=0 HTTP/1.1" 200 7007
0:0:0:0:0:0:0:1 - - [04/Jun/2022:13:26:31 +0900] "GET /kiosk/img/menu/20220602181909.ico HTTP/1.1" 404 133
0:0:0:0:0:0:0:1 - - [04/Jun/2022:13:26:31 +0900] "GET /kiosk/img/menu/20220602181847.png HTTP/1.1" 404 133
0:0:0:0:0:0:0:1 - - [04/Jun/2022:13:26:31 +0900] "GET /kiosk/img/menu/20220602181842.png HTTP/1.1" 404 133
0:0:0:0:0:0:0:1 - - [04/Jun/2022:13:26:31 +0900] "GET /kiosk/img/menu/20220602181851.ico HTTP/1.1" 404 133
0:0:0:0:0:0:0:1 - - [04/Jun/2022:13:26:31 +0900] "GET /kiosk/img/menu/20220602181922.png HTTP/1.1" 404 133
0:0:0:0:0:0:0:1 - - [04/Jun/2022:13:26:32 +0900] "GET / HTTP/1.1" 404 100
0:0:0:0:0:0:0:1 - - [04/Jun/2022:13:26:32 +0900] "GET /kiosk/img/menu/20220602181851.ico HTTP/1.1" 404 133
0:0:0:0:0:0:0:1 - - [04/Jun/2022:13:26:32 +0900] "POST /kiosk/CategoryList HTTP/1.1" 200 138
0:0:0:0:0:0:0:1 - - [04/Jun/2022:13:26:32 +0900] "GET / HTTP/1.1" 404 100
0:0:0:0:0:0:0:1 - - [04/Jun/2022:13:26:32 +0900] "GET /kiosk/img/menu/20220602181851.ico HTTP/1.1" 404 133
0:0:0:0:0:0:0:1 - - [04/Jun/2022:13:26:32 +0900] "POST /kiosk/CategoryList HTTP/1.1" 200 138
0:0:0:0:0:0:0:1 - - [04/Jun/2022:13:26:32 +0900] "GET / HTTP/1.1" 404 100
0:0:0:0:0:0:0:1 - - [04/Jun/2022:13:26:32 +0900] "GET /kiosk/img/menu/20220602181851.ico HTTP/1.1" 404 133
0:0:0:0:0:0:0:1 - - [04/Jun/2022:13:26:32 +0900] "GET /kiosk/img/menu/20220602181851.ico HTTP/1.1" 404 133
0:0:0:0:0:0:0:1 - - [04/Jun/2022:13:26:33 +0900] "GET /kiosk/img/menu/20220602181851.ico HTTP/1.1" 404 133
0:0:0:0:0:0:0:1 - - [04/Jun/2022:13:26:34 +0900] "GET /kiosk/img/menu/20220602181851.ico HTTP/1.1" 404 133
0:0:0:0:0:0:0:1 - - [04/Jun/2022:13:26:36 +0900] "GET /kiosk/img/menu/20220602181851.ico HTTP/1.1" 404 133
0:0:0:0:0:0:0:1 - - [04/Jun/2022:13:26:38 +0900] "POST /kiosk/menu/order/menu HTTP/1.1" 200 498
0:0:0:0:0:0:0:1 - - [04/Jun/2022:13:26:38 +0900] "GET /kiosk/get/setting?setting=all HTTP/1.1" 200 339
0:0:0:0:0:0:0:1 - - [04/Jun/2022:13:27:24 +0900] "POST /kiosk/menu/order/menu HTTP/1.1" 200 498
0:0:0:0:0:0:0:1 - - [04/Jun/2022:13:27:24 +0900] "GET /kiosk/get/setting?setting=all HTTP/1.1" 200 339
0:0:0:0:0:0:0:1 - - [04/Jun/2022:13:32:07 +0900] "POST /kiosk/menu/order/menu HTTP/1.1" 200 499
0:0:0:0:0:0:0:1 - - [04/Jun/2022:13:32:07 +0900] "GET /kiosk/get/setting?setting=all HTTP/1.1" 200 339
0:0:0:0:0:0:0:1 - - [04/Jun/2022:13:33:09 +0900] "POST /kiosk/menu/order/menu HTTP/1.1" 200 499
0:0:0:0:0:0:0:1 - - [04/Jun/2022:13:33:09 +0900] "GET /kiosk/get/setting?setting=all HTTP/1.1" 200 339
0:0:0:0:0:0:0:1 - - [04/Jun/2022:13:33:31 +0900] "POST /kiosk/menu/order/menu HTTP/1.1" 200 499
0:0:0:0:0:0:0:1 - - [04/Jun/2022:13:33:31 +0900] "GET /kiosk/get/setting?setting=all HTTP/1.1" 200 339
0:0:0:0:0:0:0:1 - - [04/Jun/2022:13:50:09 +0900] "POST /kiosk/category/get/categorySq?categorySq=0 HTTP/1.1" 200 7007
0:0:0:0:0:0:0:1 - - [04/Jun/2022:13:50:09 +0900] "POST /kiosk/category/get/categorySq?categorySq=0 HTTP/1.1" 200 7007
0:0:0:0:0:0:0:1 - - [04/Jun/2022:13:50:10 +0900] "POST /kiosk/CategoryList HTTP/1.1" 200 138
0:0:0:0:0:0:0:1 - - [04/Jun/2022:13:50:10 +0900] "POST /kiosk/CategoryList HTTP/1.1" 200 138
0:0:0:0:0:0:0:1 - - [04/Jun/2022:13:50:28 +0900] "GET /kiosk/img/menu/20220602181842.png HTTP/1.1" 404 133
0:0:0:0:0:0:0:1 - - [04/Jun/2022:13:50:28 +0900] "GET /kiosk/img/menu/20220602181922.png HTTP/1.1" 404 133
0:0:0:0:0:0:0:1 - - [04/Jun/2022:13:50:28 +0900] "GET /kiosk/img/menu/20220602181847.png HTTP/1.1" 404 133
0:0:0:0:0:0:0:1 - - [04/Jun/2022:13:50:28 +0900] "GET /kiosk/img/menu/20220602181909.ico HTTP/1.1" 404 133
0:0:0:0:0:0:0:1 - - [04/Jun/2022:13:50:28 +0900] "GET /kiosk/img/menu/20220602181851.ico HTTP/1.1" 404 133
0:0:0:0:0:0:0:1 - - [04/Jun/2022:13:50:29 +0900] "GET /kiosk/img/menu/20220602181851.ico HTTP/1.1" 404 133
0:0:0:0:0:0:0:1 - - [04/Jun/2022:13:50:29 +0900] "GET / HTTP/1.1" 404 100
0:0:0:0:0:0:0:1 - - [04/Jun/2022:13:50:30 +0900] "GET /kiosk/img/menu/20220602181851.ico HTTP/1.1" 404 133
0:0:0:0:0:0:0:1 - - [04/Jun/2022:13:50:30 +0900] "GET /kiosk/img/menu/20220602181851.ico HTTP/1.1" 404 133
0:0:0:0:0:0:0:1 - - [04/Jun/2022:13:50:32 +0900] "POST /kiosk/menu/order/menu HTTP/1.1" 200 498
0:0:0:0:0:0:0:1 - - [04/Jun/2022:13:50:32 +0900] "GET /kiosk/get/setting?setting=all HTTP/1.1" 200 339
0:0:0:0:0:0:0:1 - - [04/Jun/2022:13:50:45 +0900] "POST /admin/get/all/menu/list HTTP/1.1" 200 7007
0:0:0:0:0:0:0:1 - - [04/Jun/2022:13:50:45 +0900] "POST /admin/get/all/menu/list HTTP/1.1" 200 7007
0:0:0:0:0:0:0:1 - - [04/Jun/2022:13:50:59 +0900] "POST /admin/order/date?payStatus=all&startDate=2022-6-4&endDate=2022-6-4 HTTP/1.1" 200 10546
0:0:0:0:0:0:0:1 - - [04/Jun/2022:13:50:59 +0900] "POST /admin/order/date?payStatus=all&startDate=2022-6-4&endDate=2022-6-4 HTTP/1.1" 200 10546
0:0:0:0:0:0:0:1 - - [04/Jun/2022:13:51:12 +0900] "POST /kiosk/category/get/categorySq?categorySq=0 HTTP/1.1" 200 7007
0:0:0:0:0:0:0:1 - - [04/Jun/2022:13:51:12 +0900] "POST /kiosk/category/get/categorySq?categorySq=0 HTTP/1.1" 200 7007
0:0:0:0:0:0:0:1 - - [04/Jun/2022:13:51:13 +0900] "POST /admin/order/date?payStatus=all&startDate=2022-6-4&endDate=2022-6-4 HTTP/1.1" 200 10546
0:0:0:0:0:0:0:1 - - [04/Jun/2022:13:51:13 +0900] "POST /kiosk/CategoryList HTTP/1.1" 200 138
0:0:0:0:0:0:0:1 - - [04/Jun/2022:13:51:13 +0900] "POST /admin/order/date?payStatus=all&startDate=2022-6-4&endDate=2022-6-4 HTTP/1.1" 200 10546
0:0:0:0:0:0:0:1 - - [04/Jun/2022:13:51:13 +0900] "POST /kiosk/CategoryList HTTP/1.1" 200 138
0:0:0:0:0:0:0:1 - - [04/Jun/2022:13:52:41 +0900] "POST /kiosk/category/get/categorySq?categorySq=0 HTTP/1.1" 200 7007
0:0:0:0:0:0:0:1 - - [04/Jun/2022:13:52:41 +0900] "POST /kiosk/category/get/categorySq?categorySq=0 HTTP/1.1" 200 7007
0:0:0:0:0:0:0:1 - - [04/Jun/2022:13:52:41 +0900] "POST /kiosk/category/get/categorySq?categorySq=0 HTTP/1.1" 200 7007
0:0:0:0:0:0:0:1 - - [04/Jun/2022:13:52:43 +0900] "POST /kiosk/CategoryList HTTP/1.1" 200 138
0:0:0:0:0:0:0:1 - - [04/Jun/2022:13:52:43 +0900] "POST /kiosk/CategoryList HTTP/1.1" 200 138
0:0:0:0:0:0:0:1 - - [04/Jun/2022:13:52:43 +0900] "POST /kiosk/CategoryList HTTP/1.1" 200 138
0:0:0:0:0:0:0:1 - - [04/Jun/2022:13:52:49 +0900] "POST /admin/get/all/menu/list HTTP/1.1" 200 7007
0:0:0:0:0:0:0:1 - - [04/Jun/2022:13:52:49 +0900] "POST /admin/get/all/menu/list HTTP/1.1" 200 7007
0:0:0:0:0:0:0:1 - - [04/Jun/2022:13:52:51 +0900] "POST /admin/order/date?payStatus=all&startDate=2022-6-4&endDate=2022-6-4 HTTP/1.1" 200 10546
0:0:0:0:0:0:0:1 - - [04/Jun/2022:13:52:51 +0900] "POST /admin/order/date?payStatus=all&startDate=2022-6-4&endDate=2022-6-4 HTTP/1.1" 200 10546
0:0:0:0:0:0:0:1 - - [04/Jun/2022:13:53:00 +0900] "POST /admin/order/date?payStatus=all&startDate=2022-06-01&endDate=2022-6-4 HTTP/1.1" 500 128
0:0:0:0:0:0:0:1 - - [04/Jun/2022:13:53:20 +0900] "POST /admin/order/date?payStatus=all&startDate=2022-06-02&endDate=2022-6-4 HTTP/1.1" 500 128
0:0:0:0:0:0:0:1 - - [04/Jun/2022:13:53:32 +0900] "POST /admin/order/date?payStatus=all&startDate=2022-06-02&endDate=2022-6-4 HTTP/1.1" 500 128
